[17-Jan-2021 23:50:13 Asia/Kolkata] PHP Notice:  Undefined index: createdAt in /home/fireonli/domains/skfs.in/public_html/thadi/admin_thadi/category/api/add-api.php on line 9
[17-Jan-2021 23:50:13 Asia/Kolkata] PHP Warning:  Creating default object from empty value in /home/fireonli/domains/skfs.in/public_html/thadi/admin_thadi/category/api/add-api.php on line 13
[17-Jan-2021 23:50:13 Asia/Kolkata] PHP Warning:  Creating default object from empty value in /home/fireonli/domains/skfs.in/public_html/thadi/admin_thadi/category/api/add-api.php on line 15
[18-Jan-2021 00:04:48 Asia/Kolkata] PHP Notice:  Undefined index: categoryImage in /home/fireonli/domains/skfs.in/public_html/thadi/admin_thadi/category/api/add-api.php on line 6
[18-Jan-2021 00:04:48 Asia/Kolkata] PHP Notice:  Undefined index: singleItemPrice in /home/fireonli/domains/skfs.in/public_html/thadi/admin_thadi/category/api/add-api.php on line 7
[18-Jan-2021 00:04:48 Asia/Kolkata] PHP Notice:  Undefined index: createdAt in /home/fireonli/domains/skfs.in/public_html/thadi/admin_thadi/category/api/add-api.php on line 9
[18-Jan-2021 00:04:48 Asia/Kolkata] PHP Warning:  Creating default object from empty value in /home/fireonli/domains/skfs.in/public_html/thadi/admin_thadi/category/api/add-api.php on line 13
[18-Jan-2021 00:04:48 Asia/Kolkata] PHP Warning:  Creating default object from empty value in /home/fireonli/domains/skfs.in/public_html/thadi/admin_thadi/category/api/add-api.php on line 15
[18-Jan-2021 00:10:53 Asia/Kolkata] PHP Notice:  Undefined index: categoryImage in /home/fireonli/domains/skfs.in/public_html/thadi/admin_thadi/category/api/add-api.php on line 6
[18-Jan-2021 00:10:53 Asia/Kolkata] PHP Notice:  Undefined index: createdAt in /home/fireonli/domains/skfs.in/public_html/thadi/admin_thadi/category/api/add-api.php on line 9
[18-Jan-2021 00:10:53 Asia/Kolkata] PHP Warning:  Creating default object from empty value in /home/fireonli/domains/skfs.in/public_html/thadi/admin_thadi/category/api/add-api.php on line 13
[18-Jan-2021 00:10:53 Asia/Kolkata] PHP Warning:  Creating default object from empty value in /home/fireonli/domains/skfs.in/public_html/thadi/admin_thadi/category/api/add-api.php on line 15
[18-Jan-2021 00:12:26 Asia/Kolkata] PHP Notice:  Undefined index: categoryImage in /home/fireonli/domains/skfs.in/public_html/thadi/admin_thadi/category/api/add-api.php on line 6
[18-Jan-2021 00:12:26 Asia/Kolkata] PHP Notice:  Undefined index: createdAt in /home/fireonli/domains/skfs.in/public_html/thadi/admin_thadi/category/api/add-api.php on line 9
[18-Jan-2021 00:12:26 Asia/Kolkata] PHP Warning:  Creating default object from empty value in /home/fireonli/domains/skfs.in/public_html/thadi/admin_thadi/category/api/add-api.php on line 13
[18-Jan-2021 00:12:26 Asia/Kolkata] PHP Warning:  Creating default object from empty value in /home/fireonli/domains/skfs.in/public_html/thadi/admin_thadi/category/api/add-api.php on line 15
[18-Jan-2021 00:14:54 Asia/Kolkata] PHP Notice:  Undefined index: categoryImage in /home/fireonli/domains/skfs.in/public_html/thadi/admin_thadi/category/api/add-api.php on line 6
[18-Jan-2021 00:14:54 Asia/Kolkata] PHP Notice:  Undefined index: createdAt in /home/fireonli/domains/skfs.in/public_html/thadi/admin_thadi/category/api/add-api.php on line 9
[18-Jan-2021 00:14:54 Asia/Kolkata] PHP Warning:  Creating default object from empty value in /home/fireonli/domains/skfs.in/public_html/thadi/admin_thadi/category/api/add-api.php on line 13
[18-Jan-2021 00:14:54 Asia/Kolkata] PHP Warning:  Creating default object from empty value in /home/fireonli/domains/skfs.in/public_html/thadi/admin_thadi/category/api/add-api.php on line 15
[18-Jan-2021 00:23:00 Asia/Kolkata] PHP Notice:  Undefined index: createdAt in /home/fireonli/domains/skfs.in/public_html/thadi/admin_thadi/category/api/add-api.php on line 9
[18-Jan-2021 00:23:00 Asia/Kolkata] PHP Warning:  Creating default object from empty value in /home/fireonli/domains/skfs.in/public_html/thadi/admin_thadi/category/api/add-api.php on line 13
[18-Jan-2021 00:23:00 Asia/Kolkata] PHP Warning:  Creating default object from empty value in /home/fireonli/domains/skfs.in/public_html/thadi/admin_thadi/category/api/add-api.php on line 15
[18-Jan-2021 00:27:08 Asia/Kolkata] PHP Notice:  Undefined index: categoryImage in /home/fireonli/domains/skfs.in/public_html/thadi/admin_thadi/category/api/add-api.php on line 6
[18-Jan-2021 00:27:08 Asia/Kolkata] PHP Notice:  Undefined index: createdAt in /home/fireonli/domains/skfs.in/public_html/thadi/admin_thadi/category/api/add-api.php on line 9
[18-Jan-2021 00:27:08 Asia/Kolkata] PHP Warning:  Creating default object from empty value in /home/fireonli/domains/skfs.in/public_html/thadi/admin_thadi/category/api/add-api.php on line 13
[18-Jan-2021 00:27:08 Asia/Kolkata] PHP Warning:  Creating default object from empty value in /home/fireonli/domains/skfs.in/public_html/thadi/admin_thadi/category/api/add-api.php on line 15
[18-Jan-2021 00:57:19 Asia/Kolkata] PHP Notice:  Undefined index: categoryId in /home/fireonli/domains/skfs.in/public_html/thadi/admin_thadi/category/api/edit-api.php on line 5
[18-Jan-2021 00:57:19 Asia/Kolkata] PHP Notice:  Undefined index: categoryName in /home/fireonli/domains/skfs.in/public_html/thadi/admin_thadi/category/api/edit-api.php on line 6
[18-Jan-2021 00:57:19 Asia/Kolkata] PHP Notice:  Undefined index: categoryImage in /home/fireonli/domains/skfs.in/public_html/thadi/admin_thadi/category/api/edit-api.php on line 7
[18-Jan-2021 00:57:19 Asia/Kolkata] PHP Notice:  Undefined index: singleItemPrice in /home/fireonli/domains/skfs.in/public_html/thadi/admin_thadi/category/api/edit-api.php on line 8
[18-Jan-2021 00:57:19 Asia/Kolkata] PHP Notice:  Undefined index: description in /home/fireonli/domains/skfs.in/public_html/thadi/admin_thadi/category/api/edit-api.php on line 9
[18-Jan-2021 00:57:19 Asia/Kolkata] PHP Warning:  Creating default object from empty value in /home/fireonli/domains/skfs.in/public_html/thadi/admin_thadi/category/api/edit-api.php on line 14
[18-Jan-2021 00:57:19 Asia/Kolkata] PHP Notice:  Undefined variable: insert in /home/fireonli/domains/skfs.in/public_html/thadi/admin_thadi/category/api/edit-api.php on line 15
[18-Jan-2021 00:57:19 Asia/Kolkata] PHP Warning:  Creating default object from empty value in /home/fireonli/domains/skfs.in/public_html/thadi/admin_thadi/category/api/edit-api.php on line 20
[18-Jan-2021 01:00:20 Asia/Kolkata] PHP Notice:  Undefined index: categoryId in /home/fireonli/domains/skfs.in/public_html/thadi/admin_thadi/category/api/edit-api.php on line 5
[18-Jan-2021 01:00:20 Asia/Kolkata] PHP Notice:  Undefined index: categoryName in /home/fireonli/domains/skfs.in/public_html/thadi/admin_thadi/category/api/edit-api.php on line 6
[18-Jan-2021 01:00:20 Asia/Kolkata] PHP Notice:  Undefined index: categoryImage in /home/fireonli/domains/skfs.in/public_html/thadi/admin_thadi/category/api/edit-api.php on line 7
[18-Jan-2021 01:00:20 Asia/Kolkata] PHP Notice:  Undefined index: singleItemPrice in /home/fireonli/domains/skfs.in/public_html/thadi/admin_thadi/category/api/edit-api.php on line 8
[18-Jan-2021 01:00:20 Asia/Kolkata] PHP Notice:  Undefined index: description in /home/fireonli/domains/skfs.in/public_html/thadi/admin_thadi/category/api/edit-api.php on line 9
[18-Jan-2021 01:00:20 Asia/Kolkata] PHP Warning:  Creating default object from empty value in /home/fireonli/domains/skfs.in/public_html/thadi/admin_thadi/category/api/edit-api.php on line 14
[18-Jan-2021 01:00:20 Asia/Kolkata] PHP Notice:  Undefined variable: insert in /home/fireonli/domains/skfs.in/public_html/thadi/admin_thadi/category/api/edit-api.php on line 15
[18-Jan-2021 01:00:20 Asia/Kolkata] PHP Warning:  Creating default object from empty value in /home/fireonli/domains/skfs.in/public_html/thadi/admin_thadi/category/api/edit-api.php on line 20
[18-Jan-2021 01:00:29 Asia/Kolkata] PHP Warning:  Creating default object from empty value in /home/fireonli/domains/skfs.in/public_html/thadi/admin_thadi/category/api/edit-api.php on line 14
[18-Jan-2021 01:00:29 Asia/Kolkata] PHP Notice:  Undefined variable: insert in /home/fireonli/domains/skfs.in/public_html/thadi/admin_thadi/category/api/edit-api.php on line 15
[18-Jan-2021 01:00:29 Asia/Kolkata] PHP Warning:  Creating default object from empty value in /home/fireonli/domains/skfs.in/public_html/thadi/admin_thadi/category/api/edit-api.php on line 20
[18-Jan-2021 01:01:48 Asia/Kolkata] PHP Warning:  Creating default object from empty value in /home/fireonli/domains/skfs.in/public_html/thadi/admin_thadi/category/api/edit-api.php on line 14
[18-Jan-2021 01:01:48 Asia/Kolkata] PHP Notice:  Undefined variable: insert in /home/fireonli/domains/skfs.in/public_html/thadi/admin_thadi/category/api/edit-api.php on line 15
[18-Jan-2021 01:01:48 Asia/Kolkata] PHP Warning:  Creating default object from empty value in /home/fireonli/domains/skfs.in/public_html/thadi/admin_thadi/category/api/edit-api.php on line 20
[18-Jan-2021 16:38:39 Asia/Kolkata] PHP Notice:  Undefined index: categoryImage in /home/fireonli/domains/skfs.in/public_html/thadi/admin_thadi/category/api/add-api.php on line 6
[18-Jan-2021 16:38:39 Asia/Kolkata] PHP Notice:  Undefined index: createdAt in /home/fireonli/domains/skfs.in/public_html/thadi/admin_thadi/category/api/add-api.php on line 9
[18-Jan-2021 16:38:39 Asia/Kolkata] PHP Warning:  Creating default object from empty value in /home/fireonli/domains/skfs.in/public_html/thadi/admin_thadi/category/api/add-api.php on line 13
[18-Jan-2021 16:38:39 Asia/Kolkata] PHP Warning:  Creating default object from empty value in /home/fireonli/domains/skfs.in/public_html/thadi/admin_thadi/category/api/add-api.php on line 15
[18-Jan-2021 16:39:56 Asia/Kolkata] PHP Notice:  Undefined index: categoryId in /home/fireonli/domains/skfs.in/public_html/thadi/admin_thadi/category/api/edit-api.php on line 5
[18-Jan-2021 16:39:56 Asia/Kolkata] PHP Notice:  Undefined index: categoryImage in /home/fireonli/domains/skfs.in/public_html/thadi/admin_thadi/category/api/edit-api.php on line 7
[18-Jan-2021 16:39:56 Asia/Kolkata] PHP Warning:  Creating default object from empty value in /home/fireonli/domains/skfs.in/public_html/thadi/admin_thadi/category/api/edit-api.php on line 14
[18-Jan-2021 16:39:56 Asia/Kolkata] PHP Notice:  Undefined variable: insert in /home/fireonli/domains/skfs.in/public_html/thadi/admin_thadi/category/api/edit-api.php on line 15
[18-Jan-2021 16:39:56 Asia/Kolkata] PHP Warning:  Creating default object from empty value in /home/fireonli/domains/skfs.in/public_html/thadi/admin_thadi/category/api/edit-api.php on line 20
[18-Jan-2021 16:39:58 Asia/Kolkata] PHP Notice:  Undefined index: categoryId in /home/fireonli/domains/skfs.in/public_html/thadi/admin_thadi/category/api/edit-api.php on line 5
[18-Jan-2021 16:39:58 Asia/Kolkata] PHP Notice:  Undefined index: categoryImage in /home/fireonli/domains/skfs.in/public_html/thadi/admin_thadi/category/api/edit-api.php on line 7
[18-Jan-2021 16:39:58 Asia/Kolkata] PHP Warning:  Creating default object from empty value in /home/fireonli/domains/skfs.in/public_html/thadi/admin_thadi/category/api/edit-api.php on line 14
[18-Jan-2021 16:39:58 Asia/Kolkata] PHP Notice:  Undefined variable: insert in /home/fireonli/domains/skfs.in/public_html/thadi/admin_thadi/category/api/edit-api.php on line 15
[18-Jan-2021 16:39:58 Asia/Kolkata] PHP Warning:  Creating default object from empty value in /home/fireonli/domains/skfs.in/public_html/thadi/admin_thadi/category/api/edit-api.php on line 20
[18-Jan-2021 21:50:25 Asia/Kolkata] PHP Notice:  Undefined index: categoryImage in /home/fireonli/domains/skfs.in/public_html/thadi/admin_thadi/category/api/add-api.php on line 6
[18-Jan-2021 21:50:25 Asia/Kolkata] PHP Notice:  Undefined index: createdAt in /home/fireonli/domains/skfs.in/public_html/thadi/admin_thadi/category/api/add-api.php on line 9
[18-Jan-2021 21:50:25 Asia/Kolkata] PHP Warning:  Creating default object from empty value in /home/fireonli/domains/skfs.in/public_html/thadi/admin_thadi/category/api/add-api.php on line 13
[18-Jan-2021 21:50:25 Asia/Kolkata] PHP Warning:  Creating default object from empty value in /home/fireonli/domains/skfs.in/public_html/thadi/admin_thadi/category/api/add-api.php on line 19
[18-Jan-2021 21:55:07 Asia/Kolkata] PHP Notice:  Undefined index: categoryImage in /home/fireonli/domains/skfs.in/public_html/thadi/admin_thadi/category/api/add-api.php on line 6
[18-Jan-2021 21:55:07 Asia/Kolkata] PHP Warning:  Creating default object from empty value in /home/fireonli/domains/skfs.in/public_html/thadi/admin_thadi/category/api/add-api.php on line 12
[18-Jan-2021 21:55:07 Asia/Kolkata] PHP Warning:  Creating default object from empty value in /home/fireonli/domains/skfs.in/public_html/thadi/admin_thadi/category/api/add-api.php on line 14
[18-Jan-2021 22:09:38 Asia/Kolkata] PHP Notice:  Undefined index: categoryId in /home/fireonli/domains/skfs.in/public_html/thadi/admin_thadi/category/api/edit-api.php on line 5
[18-Jan-2021 22:09:38 Asia/Kolkata] PHP Notice:  Undefined index: categoryImage in /home/fireonli/domains/skfs.in/public_html/thadi/admin_thadi/category/api/edit-api.php on line 7
[18-Jan-2021 22:09:38 Asia/Kolkata] PHP Warning:  Creating default object from empty value in /home/fireonli/domains/skfs.in/public_html/thadi/admin_thadi/category/api/edit-api.php on line 14
[18-Jan-2021 22:09:38 Asia/Kolkata] PHP Notice:  Undefined variable: insert in /home/fireonli/domains/skfs.in/public_html/thadi/admin_thadi/category/api/edit-api.php on line 15
[18-Jan-2021 22:09:38 Asia/Kolkata] PHP Warning:  Creating default object from empty value in /home/fireonli/domains/skfs.in/public_html/thadi/admin_thadi/category/api/edit-api.php on line 20
[18-Jan-2021 22:11:03 Asia/Kolkata] PHP Warning:  Creating default object from empty value in /home/fireonli/domains/skfs.in/public_html/thadi/admin_thadi/category/api/edit-api.php on line 14
[18-Jan-2021 22:11:03 Asia/Kolkata] PHP Notice:  Undefined variable: insert in /home/fireonli/domains/skfs.in/public_html/thadi/admin_thadi/category/api/edit-api.php on line 15
[18-Jan-2021 22:11:03 Asia/Kolkata] PHP Warning:  Creating default object from empty value in /home/fireonli/domains/skfs.in/public_html/thadi/admin_thadi/category/api/edit-api.php on line 20
[18-Jan-2021 22:13:50 Asia/Kolkata] PHP Notice:  Undefined index: categoryImage in /home/fireonli/domains/skfs.in/public_html/thadi/admin_thadi/category/api/add-api.php on line 6
[18-Jan-2021 22:13:50 Asia/Kolkata] PHP Warning:  Creating default object from empty value in /home/fireonli/domains/skfs.in/public_html/thadi/admin_thadi/category/api/add-api.php on line 12
[18-Jan-2021 22:13:50 Asia/Kolkata] PHP Warning:  Creating default object from empty value in /home/fireonli/domains/skfs.in/public_html/thadi/admin_thadi/category/api/add-api.php on line 14
[18-Jan-2021 22:30:29 Asia/Kolkata] PHP Notice:  Undefined index: image in /home/fireonli/domains/skfs.in/public_html/thadi/admin_thadi/offer/api/add-api.php on line 6
[18-Jan-2021 22:30:29 Asia/Kolkata] PHP Warning:  Creating default object from empty value in /home/fireonli/domains/skfs.in/public_html/thadi/admin_thadi/offer/api/add-api.php on line 12
[18-Jan-2021 22:30:29 Asia/Kolkata] PHP Warning:  Creating default object from empty value in /home/fireonli/domains/skfs.in/public_html/thadi/admin_thadi/offer/api/add-api.php on line 14
[18-Jan-2021 22:33:39 Asia/Kolkata] PHP Notice:  Undefined index: image in /home/fireonli/domains/skfs.in/public_html/thadi/admin_thadi/offer/api/add-api.php on line 6
[18-Jan-2021 22:33:39 Asia/Kolkata] PHP Warning:  Creating default object from empty value in /home/fireonli/domains/skfs.in/public_html/thadi/admin_thadi/offer/api/add-api.php on line 34
[18-Jan-2021 22:33:39 Asia/Kolkata] PHP Warning:  Creating default object from empty value in /home/fireonli/domains/skfs.in/public_html/thadi/admin_thadi/offer/api/add-api.php on line 36
[18-Jan-2021 22:35:35 Asia/Kolkata] PHP Notice:  Undefined index: image in /home/fireonli/domains/skfs.in/public_html/thadi/admin_thadi/offer/api/add-api.php on line 6
[18-Jan-2021 22:35:35 Asia/Kolkata] PHP Warning:  Creating default object from empty value in /home/fireonli/domains/skfs.in/public_html/thadi/admin_thadi/offer/api/add-api.php on line 34
[18-Jan-2021 22:35:35 Asia/Kolkata] PHP Warning:  Creating default object from empty value in /home/fireonli/domains/skfs.in/public_html/thadi/admin_thadi/offer/api/add-api.php on line 36
[18-Jan-2021 22:47:02 Asia/Kolkata] PHP Warning:  Creating default object from empty value in /home/fireonli/domains/skfs.in/public_html/thadi/admin_thadi/offer/api/delete.php on line 9
[18-Jan-2021 22:47:02 Asia/Kolkata] PHP Warning:  Creating default object from empty value in /home/fireonli/domains/skfs.in/public_html/thadi/admin_thadi/offer/api/delete.php on line 11
[18-Jan-2021 22:47:09 Asia/Kolkata] PHP Warning:  Creating default object from empty value in /home/fireonli/domains/skfs.in/public_html/thadi/admin_thadi/offer/api/delete.php on line 9
[18-Jan-2021 22:47:09 Asia/Kolkata] PHP Warning:  Creating default object from empty value in /home/fireonli/domains/skfs.in/public_html/thadi/admin_thadi/offer/api/delete.php on line 11
[18-Jan-2021 22:48:41 Asia/Kolkata] PHP Notice:  Undefined index: image in /home/fireonli/domains/skfs.in/public_html/thadi/admin_thadi/offer/api/add-api.php on line 6
[18-Jan-2021 22:48:41 Asia/Kolkata] PHP Warning:  Creating default object from empty value in /home/fireonli/domains/skfs.in/public_html/thadi/admin_thadi/offer/api/add-api.php on line 34
[18-Jan-2021 22:48:41 Asia/Kolkata] PHP Warning:  Creating default object from empty value in /home/fireonli/domains/skfs.in/public_html/thadi/admin_thadi/offer/api/add-api.php on line 36
[18-Jan-2021 22:49:06 Asia/Kolkata] PHP Warning:  Creating default object from empty value in /home/fireonli/domains/skfs.in/public_html/thadi/admin_thadi/offer/api/delete.php on line 9
[18-Jan-2021 22:49:06 Asia/Kolkata] PHP Warning:  Creating default object from empty value in /home/fireonli/domains/skfs.in/public_html/thadi/admin_thadi/offer/api/delete.php on line 11
[18-Jan-2021 22:49:14 Asia/Kolkata] PHP Warning:  Creating default object from empty value in /home/fireonli/domains/skfs.in/public_html/thadi/admin_thadi/offer/api/delete.php on line 9
[18-Jan-2021 22:49:14 Asia/Kolkata] PHP Warning:  Creating default object from empty value in /home/fireonli/domains/skfs.in/public_html/thadi/admin_thadi/offer/api/delete.php on line 11
[18-Jan-2021 22:49:27 Asia/Kolkata] PHP Notice:  Undefined index: image in /home/fireonli/domains/skfs.in/public_html/thadi/admin_thadi/offer/api/add-api.php on line 6
[18-Jan-2021 22:49:27 Asia/Kolkata] PHP Warning:  Creating default object from empty value in /home/fireonli/domains/skfs.in/public_html/thadi/admin_thadi/offer/api/add-api.php on line 34
[18-Jan-2021 22:49:27 Asia/Kolkata] PHP Warning:  Creating default object from empty value in /home/fireonli/domains/skfs.in/public_html/thadi/admin_thadi/offer/api/add-api.php on line 36
[18-Jan-2021 22:49:55 Asia/Kolkata] PHP Notice:  Undefined index: image in /home/fireonli/domains/skfs.in/public_html/thadi/admin_thadi/offer/api/add-api.php on line 6
[18-Jan-2021 22:49:55 Asia/Kolkata] PHP Warning:  Creating default object from empty value in /home/fireonli/domains/skfs.in/public_html/thadi/admin_thadi/offer/api/add-api.php on line 34
[18-Jan-2021 22:49:55 Asia/Kolkata] PHP Warning:  Creating default object from empty value in /home/fireonli/domains/skfs.in/public_html/thadi/admin_thadi/offer/api/add-api.php on line 36
[18-Jan-2021 22:50:05 Asia/Kolkata] PHP Warning:  Creating default object from empty value in /home/fireonli/domains/skfs.in/public_html/thadi/admin_thadi/offer/api/delete.php on line 9
[18-Jan-2021 22:50:05 Asia/Kolkata] PHP Warning:  Creating default object from empty value in /home/fireonli/domains/skfs.in/public_html/thadi/admin_thadi/offer/api/delete.php on line 11
[18-Jan-2021 22:57:36 Asia/Kolkata] PHP Notice:  Undefined index: mainOfferProductId in /home/fireonli/domains/skfs.in/public_html/thadi/admin_thadi/offer/api/edit-api.php on line 5
[18-Jan-2021 22:57:36 Asia/Kolkata] PHP Notice:  Undefined index: imageurl in /home/fireonli/domains/skfs.in/public_html/thadi/admin_thadi/offer/api/edit-api.php on line 7
[18-Jan-2021 22:57:36 Asia/Kolkata] PHP Warning:  Creating default object from empty value in /home/fireonli/domains/skfs.in/public_html/thadi/admin_thadi/offer/api/edit-api.php on line 14
[18-Jan-2021 22:57:36 Asia/Kolkata] PHP Notice:  Undefined variable: insert in /home/fireonli/domains/skfs.in/public_html/thadi/admin_thadi/offer/api/edit-api.php on line 15
[18-Jan-2021 22:57:36 Asia/Kolkata] PHP Warning:  Creating default object from empty value in /home/fireonli/domains/skfs.in/public_html/thadi/admin_thadi/offer/api/edit-api.php on line 20
[18-Jan-2021 23:00:07 Asia/Kolkata] PHP Notice:  Undefined index: imageurl in /home/fireonli/domains/skfs.in/public_html/thadi/admin_thadi/offer/api/edit-api.php on line 7
[18-Jan-2021 23:00:07 Asia/Kolkata] PHP Warning:  Creating default object from empty value in /home/fireonli/domains/skfs.in/public_html/thadi/admin_thadi/offer/api/edit-api.php on line 14
[18-Jan-2021 23:00:07 Asia/Kolkata] PHP Notice:  Undefined variable: insert in /home/fireonli/domains/skfs.in/public_html/thadi/admin_thadi/offer/api/edit-api.php on line 15
[18-Jan-2021 23:00:07 Asia/Kolkata] PHP Warning:  Creating default object from empty value in /home/fireonli/domains/skfs.in/public_html/thadi/admin_thadi/offer/api/edit-api.php on line 20
[18-Jan-2021 23:02:15 Asia/Kolkata] PHP Warning:  Creating default object from empty value in /home/fireonli/domains/skfs.in/public_html/thadi/admin_thadi/offer/api/edit-api.php on line 14
[18-Jan-2021 23:02:15 Asia/Kolkata] PHP Notice:  Undefined variable: insert in /home/fireonli/domains/skfs.in/public_html/thadi/admin_thadi/offer/api/edit-api.php on line 15
[18-Jan-2021 23:02:15 Asia/Kolkata] PHP Warning:  Creating default object from empty value in /home/fireonli/domains/skfs.in/public_html/thadi/admin_thadi/offer/api/edit-api.php on line 20
[18-Jan-2021 23:08:22 Asia/Kolkata] PHP Warning:  Creating default object from empty value in /home/fireonli/domains/skfs.in/public_html/thadi/admin_thadi/offer/api/edit-api.php on line 14
[18-Jan-2021 23:08:22 Asia/Kolkata] PHP Notice:  Undefined variable: insert in /home/fireonli/domains/skfs.in/public_html/thadi/admin_thadi/offer/api/edit-api.php on line 15
[18-Jan-2021 23:08:22 Asia/Kolkata] PHP Warning:  Creating default object from empty value in /home/fireonli/domains/skfs.in/public_html/thadi/admin_thadi/offer/api/edit-api.php on line 20
[18-Jan-2021 23:10:33 Asia/Kolkata] PHP Warning:  Creating default object from empty value in /home/fireonli/domains/skfs.in/public_html/thadi/admin_thadi/offer/api/edit-api.php on line 34
[18-Jan-2021 23:10:33 Asia/Kolkata] PHP Warning:  Creating default object from empty value in /home/fireonli/domains/skfs.in/public_html/thadi/admin_thadi/offer/api/edit-api.php on line 36
[18-Jan-2021 23:12:14 Asia/Kolkata] PHP Parse error:  syntax error, unexpected '=', expecting end of file in /home/fireonli/domains/skfs.in/public_html/thadi/admin_thadi/offer/api/edit-api.php on line 7
[18-Jan-2021 23:12:29 Asia/Kolkata] PHP Parse error:  syntax error, unexpected '=', expecting end of file in /home/fireonli/domains/skfs.in/public_html/thadi/admin_thadi/offer/api/edit-api.php on line 7
[18-Jan-2021 23:13:07 Asia/Kolkata] PHP Parse error:  syntax error, unexpected '=', expecting end of file in /home/fireonli/domains/skfs.in/public_html/thadi/admin_thadi/offer/api/edit-api.php on line 7
[18-Jan-2021 23:13:33 Asia/Kolkata] PHP Parse error:  syntax error, unexpected '=', expecting end of file in /home/fireonli/domains/skfs.in/public_html/thadi/admin_thadi/offer/api/edit-api.php on line 7
[18-Jan-2021 23:15:21 Asia/Kolkata] PHP Warning:  Creating default object from empty value in /home/fireonli/domains/skfs.in/public_html/thadi/admin_thadi/offer/api/edit-api.php on line 39
[18-Jan-2021 23:15:21 Asia/Kolkata] PHP Warning:  Creating default object from empty value in /home/fireonli/domains/skfs.in/public_html/thadi/admin_thadi/offer/api/edit-api.php on line 41
[18-Jan-2021 23:15:27 Asia/Kolkata] PHP Warning:  Creating default object from empty value in /home/fireonli/domains/skfs.in/public_html/thadi/admin_thadi/offer/api/edit-api.php on line 39
[18-Jan-2021 23:15:27 Asia/Kolkata] PHP Warning:  Creating default object from empty value in /home/fireonli/domains/skfs.in/public_html/thadi/admin_thadi/offer/api/edit-api.php on line 41
[18-Jan-2021 23:15:33 Asia/Kolkata] PHP Warning:  Creating default object from empty value in /home/fireonli/domains/skfs.in/public_html/thadi/admin_thadi/offer/api/edit-api.php on line 39
[18-Jan-2021 23:15:33 Asia/Kolkata] PHP Warning:  Creating default object from empty value in /home/fireonli/domains/skfs.in/public_html/thadi/admin_thadi/offer/api/edit-api.php on line 41
[18-Jan-2021 23:34:26 Asia/Kolkata] PHP Warning:  Creating default object from empty value in /home/fireonli/domains/skfs.in/public_html/thadi/admin_thadi/offer/api/edit-api.php on line 39
[18-Jan-2021 23:34:26 Asia/Kolkata] PHP Warning:  Creating default object from empty value in /home/fireonli/domains/skfs.in/public_html/thadi/admin_thadi/offer/api/edit-api.php on line 41
[18-Jan-2021 23:34:45 Asia/Kolkata] PHP Warning:  Creating default object from empty value in /home/fireonli/domains/skfs.in/public_html/thadi/admin_thadi/offer/api/edit-api.php on line 39
[18-Jan-2021 23:34:45 Asia/Kolkata] PHP Warning:  Creating default object from empty value in /home/fireonli/domains/skfs.in/public_html/thadi/admin_thadi/offer/api/edit-api.php on line 41
[18-Jan-2021 23:35:34 Asia/Kolkata] PHP Notice:  Undefined index: image in /home/fireonli/domains/skfs.in/public_html/thadi/admin_thadi/offer/api/add-api.php on line 6
[18-Jan-2021 23:35:34 Asia/Kolkata] PHP Warning:  Creating default object from empty value in /home/fireonli/domains/skfs.in/public_html/thadi/admin_thadi/offer/api/add-api.php on line 34
[18-Jan-2021 23:35:34 Asia/Kolkata] PHP Warning:  Creating default object from empty value in /home/fireonli/domains/skfs.in/public_html/thadi/admin_thadi/offer/api/add-api.php on line 36
[18-Jan-2021 23:35:51 Asia/Kolkata] PHP Warning:  Creating default object from empty value in /home/fireonli/domains/skfs.in/public_html/thadi/admin_thadi/offer/api/delete.php on line 9
[18-Jan-2021 23:35:51 Asia/Kolkata] PHP Warning:  Creating default object from empty value in /home/fireonli/domains/skfs.in/public_html/thadi/admin_thadi/offer/api/delete.php on line 11
[18-Jan-2021 23:47:49 Asia/Kolkata] PHP Notice:  Undefined index: image in /home/fireonli/domains/skfs.in/public_html/thadi/admin_thadi/offer/api/add-api.php on line 6
[18-Jan-2021 23:47:49 Asia/Kolkata] PHP Warning:  Creating default object from empty value in /home/fireonli/domains/skfs.in/public_html/thadi/admin_thadi/offer/api/add-api.php on line 34
[18-Jan-2021 23:47:49 Asia/Kolkata] PHP Warning:  Creating default object from empty value in /home/fireonli/domains/skfs.in/public_html/thadi/admin_thadi/offer/api/add-api.php on line 36
[18-Jan-2021 23:48:30 Asia/Kolkata] PHP Notice:  Undefined index: image in /home/fireonli/domains/skfs.in/public_html/thadi/admin_thadi/offer/api/add-api.php on line 6
[18-Jan-2021 23:48:30 Asia/Kolkata] PHP Warning:  Creating default object from empty value in /home/fireonli/domains/skfs.in/public_html/thadi/admin_thadi/offer/api/add-api.php on line 34
[18-Jan-2021 23:48:30 Asia/Kolkata] PHP Warning:  Creating default object from empty value in /home/fireonli/domains/skfs.in/public_html/thadi/admin_thadi/offer/api/add-api.php on line 36
[19-Jan-2021 00:20:00 Asia/Kolkata] PHP Notice:  Undefined index: image in /home/fireonli/domains/skfs.in/public_html/thadi/admin_thadi/offer/api/add-api.php on line 6
[19-Jan-2021 00:20:00 Asia/Kolkata] PHP Warning:  Creating default object from empty value in /home/fireonli/domains/skfs.in/public_html/thadi/admin_thadi/offer/api/add-api.php on line 34
[19-Jan-2021 00:20:00 Asia/Kolkata] PHP Warning:  Creating default object from empty value in /home/fireonli/domains/skfs.in/public_html/thadi/admin_thadi/offer/api/add-api.php on line 36
[19-Jan-2021 00:26:27 Asia/Kolkata] PHP Notice:  Undefined index: image in /home/fireonli/domains/skfs.in/public_html/thadi/admin_thadi/offer/api/add-api.php on line 6
[19-Jan-2021 00:26:27 Asia/Kolkata] PHP Warning:  Creating default object from empty value in /home/fireonli/domains/skfs.in/public_html/thadi/admin_thadi/offer/api/add-api.php on line 34
[19-Jan-2021 00:26:27 Asia/Kolkata] PHP Warning:  Creating default object from empty value in /home/fireonli/domains/skfs.in/public_html/thadi/admin_thadi/offer/api/add-api.php on line 36
[19-Jan-2021 00:27:35 Asia/Kolkata] PHP Notice:  Undefined index: image in /home/fireonli/domains/skfs.in/public_html/thadi/admin_thadi/offer/api/add-api.php on line 6
[19-Jan-2021 00:27:35 Asia/Kolkata] PHP Warning:  Creating default object from empty value in /home/fireonli/domains/skfs.in/public_html/thadi/admin_thadi/offer/api/add-api.php on line 34
[19-Jan-2021 00:27:35 Asia/Kolkata] PHP Warning:  Creating default object from empty value in /home/fireonli/domains/skfs.in/public_html/thadi/admin_thadi/offer/api/add-api.php on line 36
[19-Jan-2021 00:29:56 Asia/Kolkata] PHP Notice:  Undefined index: image in /home/fireonli/domains/skfs.in/public_html/thadi/admin_thadi/offer/api/add-api.php on line 6
[19-Jan-2021 00:29:56 Asia/Kolkata] PHP Warning:  Creating default object from empty value in /home/fireonli/domains/skfs.in/public_html/thadi/admin_thadi/offer/api/add-api.php on line 34
[19-Jan-2021 00:29:56 Asia/Kolkata] PHP Warning:  Creating default object from empty value in /home/fireonli/domains/skfs.in/public_html/thadi/admin_thadi/offer/api/add-api.php on line 36
