[10-Jan-2021 16:46:02 Asia/Kolkata] PHP Fatal error:  Uncaught Error: Call to undefined method Offer::all_offer() in /home/fireonli/domains/skfs.in/public_html/thadi/api/offer/offer.php:32
Stack trace:
#0 {main}
  thrown in /home/fireonli/domains/skfs.in/public_html/thadi/api/offer/offer.php on line 32
[10-Jan-2021 16:46:19 Asia/Kolkata] PHP Fatal error:  Uncaught Error: Call to undefined method Offer::all_offer() in /home/fireonli/domains/skfs.in/public_html/thadi/api/offer/offer.php:32
Stack trace:
#0 {main}
  thrown in /home/fireonli/domains/skfs.in/public_html/thadi/api/offer/offer.php on line 32
[10-Jan-2021 16:50:23 Asia/Kolkata] PHP Fatal error:  Uncaught Error: Call to undefined method Offer::all_subOffer() in /home/fireonli/domains/skfs.in/public_html/thadi/api/offer/offer.php:47
Stack trace:
#0 {main}
  thrown in /home/fireonli/domains/skfs.in/public_html/thadi/api/offer/offer.php on line 47
[10-Jan-2021 16:50:27 Asia/Kolkata] PHP Fatal error:  Uncaught Error: Call to undefined method Offer::all_subOffer() in /home/fireonli/domains/skfs.in/public_html/thadi/api/offer/offer.php:47
Stack trace:
#0 {main}
  thrown in /home/fireonli/domains/skfs.in/public_html/thadi/api/offer/offer.php on line 47
[10-Jan-2021 16:51:40 Asia/Kolkata] PHP Notice:  Undefined variable: subMotherToungestmt in /home/fireonli/domains/skfs.in/public_html/thadi/api/offer/offer.php on line 55
[10-Jan-2021 16:51:40 Asia/Kolkata] PHP Fatal error:  Uncaught Error: Call to a member function fetch() on null in /home/fireonli/domains/skfs.in/public_html/thadi/api/offer/offer.php:55
Stack trace:
#0 {main}
  thrown in /home/fireonli/domains/skfs.in/public_html/thadi/api/offer/offer.php on line 55
[10-Jan-2021 16:52:45 Asia/Kolkata] PHP Notice:  Undefined index: mainOffer in /home/fireonli/domains/skfs.in/public_html/thadi/api/offer/offer.php on line 64
[10-Jan-2021 18:01:38 Asia/Kolkata] PHP Notice:  Undefined index: mainOffer in /home/fireonli/domains/skfs.in/public_html/thadi/api/offer/offer.php on line 65
[10-Jan-2021 20:56:27 Asia/Kolkata] PHP Parse error:  syntax error, unexpected ':', expecting ')' in /home/fireonli/domains/skfs.in/public_html/thadi/api/offer/offer.php on line 67
[10-Jan-2021 20:58:50 Asia/Kolkata] PHP Warning:  array_push() expects parameter 1 to be array, null given in /home/fireonli/domains/skfs.in/public_html/thadi/api/offer/offer.php on line 67
[10-Jan-2021 20:58:50 Asia/Kolkata] PHP Notice:  Undefined index: mainOffer in /home/fireonli/domains/skfs.in/public_html/thadi/api/offer/offer.php on line 78
[10-Jan-2021 21:03:04 Asia/Kolkata] PHP Warning:  array_push() expects parameter 1 to be array, null given in /home/fireonli/domains/skfs.in/public_html/thadi/api/offer/offer.php on line 67
[10-Jan-2021 21:05:15 Asia/Kolkata] PHP Warning:  array_push() expects parameter 1 to be array, null given in /home/fireonli/domains/skfs.in/public_html/thadi/api/offer/offer.php on line 68
[10-Jan-2021 21:05:20 Asia/Kolkata] PHP Warning:  array_push() expects parameter 1 to be array, null given in /home/fireonli/domains/skfs.in/public_html/thadi/api/offer/offer.php on line 68
[10-Jan-2021 21:15:35 Asia/Kolkata] PHP Notice:  Undefined index: categoryId in /home/fireonli/domains/skfs.in/public_html/thadi/api/offer/offer.php on line 62
[10-Jan-2021 21:15:35 Asia/Kolkata] PHP Warning:  Attempt to assign property 'categoryid' of non-object in /home/fireonli/domains/skfs.in/public_html/thadi/api/offer/offer.php on line 62
[10-Jan-2021 21:15:35 Asia/Kolkata] PHP Fatal error:  Uncaught Error: Call to a member function category_detail() on string in /home/fireonli/domains/skfs.in/public_html/thadi/api/offer/offer.php:63
Stack trace:
#0 {main}
  thrown in /home/fireonli/domains/skfs.in/public_html/thadi/api/offer/offer.php on line 63
[10-Jan-2021 21:15:56 Asia/Kolkata] PHP Notice:  Undefined index: categoryId in /home/fireonli/domains/skfs.in/public_html/thadi/api/offer/offer.php on line 62
[10-Jan-2021 21:15:56 Asia/Kolkata] PHP Warning:  Attempt to assign property 'categoryid' of non-object in /home/fireonli/domains/skfs.in/public_html/thadi/api/offer/offer.php on line 62
[10-Jan-2021 21:15:56 Asia/Kolkata] PHP Fatal error:  Uncaught Error: Call to a member function category_detail() on string in /home/fireonli/domains/skfs.in/public_html/thadi/api/offer/offer.php:63
Stack trace:
#0 {main}
  thrown in /home/fireonli/domains/skfs.in/public_html/thadi/api/offer/offer.php on line 63
[10-Jan-2021 21:18:17 Asia/Kolkata] PHP Warning:  Attempt to assign property 'categoryid' of non-object in /home/fireonli/domains/skfs.in/public_html/thadi/api/offer/offer.php on line 62
[10-Jan-2021 21:18:17 Asia/Kolkata] PHP Fatal error:  Uncaught Error: Call to a member function category_detail() on string in /home/fireonli/domains/skfs.in/public_html/thadi/api/offer/offer.php:63
Stack trace:
#0 {main}
  thrown in /home/fireonli/domains/skfs.in/public_html/thadi/api/offer/offer.php on line 63
[10-Jan-2021 21:26:32 Asia/Kolkata] PHP Warning:  Attempt to assign property 'categoryid' of non-object in /home/fireonli/domains/skfs.in/public_html/thadi/api/offer/offer.php on line 62
[10-Jan-2021 21:26:32 Asia/Kolkata] PHP Fatal error:  Uncaught Error: Call to a member function category_detail() on string in /home/fireonli/domains/skfs.in/public_html/thadi/api/offer/offer.php:63
Stack trace:
#0 {main}
  thrown in /home/fireonli/domains/skfs.in/public_html/thadi/api/offer/offer.php on line 63
[10-Jan-2021 21:29:14 Asia/Kolkata] PHP Notice:  Undefined index: quanity in /home/fireonli/domains/skfs.in/public_html/thadi/api/offer/offer.php on line 72
